# JRE version: Java(TM) SE Runtime Environment (8.0_161-b12) (build 1.8.0_161-b12)
# Java VM: Java HotSpot(TM) 64-Bit Server VM (25.161-b12 mixed mode windows-amd64 compressed oops)
Heap:
 PSYoungGen      total 19456K, used 4398K [0x00000000eb180000, 0x00000000ed500000, 0x0000000100000000)
  eden space 16384K, 25% used [0x00000000eb180000,0x00000000eb5a39c8,0x00000000ec180000)
  from space 3072K, 5% used [0x00000000ecf00000,0x00000000ecf28000,0x00000000ed200000)
  to   space 3072K, 0% used [0x00000000ed200000,0x00000000ed200000,0x00000000ed500000)
 ParOldGen       total 44032K, used 1387K [0x00000000c1400000, 0x00000000c3f00000, 0x00000000eb180000)
  object space 44032K, 3% used [0x00000000c1400000,0x00000000c155ad58,0x00000000c3f00000)
 Metaspace       used 7287K, capacity 7398K, committed 7552K, reserved 1056768K
  class space    used 746K, capacity 785K, committed 896K, reserved 1048576K
GC Heap History (10 events):
Event: 15.618 GC heap before
{Heap before GC invocations=5 (full 0):
 PSYoungGen      total 18944K, used 17824K [0x00000000eb180000, 0x00000000ec680000, 0x0000000100000000)
  eden space 16384K, 100% used [0x00000000eb180000,0x00000000ec180000,0x00000000ec180000)
  from space 2560K, 56% used [0x00000000ec400000,0x00000000ec568000,0x00000000ec680000)
  to   space 2560K, 0% used [0x00000000ec180000,0x00000000ec180000,0x00000000ec400000)
 ParOldGen       total 44032K, used 32K [0x00000000c1400000, 0x00000000c3f00000, 0x00000000eb180000)
  object space 44032K, 0% used [0x00000000c1400000,0x00000000c1408000,0x00000000c3f00000)
 Metaspace       used 7065K, capacity 7238K, committed 7424K, reserved 1056768K
  class space    used 731K, capacity 753K, committed 768K, reserved 1048576K
Event: 15.622 GC heap after
Heap after GC invocations=5 (full 0):
 PSYoungGen      total 18944K, used 1392K [0x00000000eb180000, 0x00000000ec680000, 0x0000000100000000)
  eden space 16384K, 0% used [0x00000000eb180000,0x00000000eb180000,0x00000000ec180000)
  from space 2560K, 54% used [0x00000000ec180000,0x00000000ec2dc010,0x00000000ec400000)
  to   space 2560K, 0% used [0x00000000ec400000,0x00000000ec400000,0x00000000ec680000)
 ParOldGen       total 44032K, used 40K [0x00000000c1400000, 0x00000000c3f00000, 0x00000000eb180000)
  object space 44032K, 0% used [0x00000000c1400000,0x00000000c140a000,0x00000000c3f00000)
 Metaspace       used 7065K, capacity 7238K, committed 7424K, reserved 1056768K
  class space    used 731K, capacity 753K, committed 768K, reserved 1048576K
}
Event: 15.848 GC heap before
{Heap before GC invocations=6 (full 0):
 PSYoungGen      total 18944K, used 17776K [0x00000000eb180000, 0x00000000ec680000, 0x0000000100000000)
  eden space 16384K, 100% used [0x00000000eb180000,0x00000000ec180000,0x00000000ec180000)
  from space 2560K, 54% used [0x00000000ec180000,0x00000000ec2dc010,0x00000000ec400000)
  to   space 2560K, 0% used [0x00000000ec400000,0x00000000ec400000,0x00000000ec680000)
 ParOldGen       total 44032K, used 40K [0x00000000c1400000, 0x00000000c3f00000, 0x00000000eb180000)
  object space 44032K, 0% used [0x00000000c1400000,0x00000000c140a000,0x00000000c3f00000)
 Metaspace       used 7072K, capacity 7238K, committed 7424K, reserved 1056768K
  class space    used 731K, capacity 753K, committed 768K, reserved 1048576K
Event: 15.851 GC heap after
Heap after GC invocations=6 (full 0):
 PSYoungGen      total 18944K, used 1344K [0x00000000eb180000, 0x00000000ec680000, 0x0000000100000000)
  eden space 16384K, 0% used [0x00000000eb180000,0x00000000eb180000,0x00000000ec180000)
  from space 2560K, 52% used [0x00000000ec400000,0x00000000ec550000,0x00000000ec680000)
  to   space 2560K, 0% used [0x00000000ec180000,0x00000000ec180000,0x00000000ec400000)
 ParOldGen       total 44032K, used 48K [0x00000000c1400000, 0x00000000c3f00000, 0x00000000eb180000)
  object space 44032K, 0% used [0x00000000c1400000,0x00000000c140c000,0x00000000c3f00000)
 Metaspace       used 7072K, capacity 7238K, committed 7424K, reserved 1056768K
  class space    used 731K, capacity 753K, committed 768K, reserved 1048576K
}
Event: 16.054 GC heap before
{Heap before GC invocations=7 (full 0):
 PSYoungGen      total 18944K, used 17728K [0x00000000eb180000, 0x00000000ec680000, 0x0000000100000000)
  eden space 16384K, 100% used [0x00000000eb180000,0x00000000ec180000,0x00000000ec180000)
  from space 2560K, 52% used [0x00000000ec400000,0x00000000ec550000,0x00000000ec680000)
  to   space 2560K, 0% used [0x00000000ec180000,0x00000000ec180000,0x00000000ec400000)
 ParOldGen       total 44032K, used 48K [0x00000000c1400000, 0x00000000c3f00000, 0x00000000eb180000)
  object space 44032K, 0% used [0x00000000c1400000,0x00000000c140c000,0x00000000c3f00000)
 Metaspace       used 7114K, capacity 7238K, committed 7424K, reserved 1056768K
  class space    used 731K, capacity 753K, committed 768K, reserved 1048576K
Event: 16.058 GC heap after
Heap after GC invocations=7 (full 0):
 PSYoungGen      total 18944K, used 128K [0x00000000eb180000, 0x00000000ed780000, 0x0000000100000000)
  eden space 16384K, 0% used [0x00000000eb180000,0x00000000eb180000,0x00000000ec180000)
  from space 2560K, 5% used [0x00000000ec180000,0x00000000ec1a0000,0x00000000ec400000)
  to   space 3072K, 0% used [0x00000000ed480000,0x00000000ed480000,0x00000000ed780000)
 ParOldGen       total 44032K, used 1307K [0x00000000c1400000, 0x00000000c3f00000, 0x00000000eb180000)
  object space 44032K, 2% used [0x00000000c1400000,0x00000000c1546d58,0x00000000c3f00000)
 Metaspace       used 7114K, capacity 7238K, committed 7424K, reserved 1056768K
  class space    used 731K, capacity 753K, committed 768K, reserved 1048576K
}
Event: 16.730 GC heap before
{Heap before GC invocations=8 (full 0):
 PSYoungGen      total 18944K, used 16512K [0x00000000eb180000, 0x00000000ed780000, 0x0000000100000000)
  eden space 16384K, 100% used [0x00000000eb180000,0x00000000ec180000,0x00000000ec180000)
  from space 2560K, 5% used [0x00000000ec180000,0x00000000ec1a0000,0x00000000ec400000)
  to   space 3072K, 0% used [0x00000000ed480000,0x00000000ed480000,0x00000000ed780000)
 ParOldGen       total 44032K, used 1307K [0x00000000c1400000, 0x00000000c3f00000, 0x00000000eb180000)
  object space 44032K, 2% used [0x00000000c1400000,0x00000000c1546d58,0x00000000c3f00000)
 Metaspace       used 7215K, capacity 7366K, committed 7424K, reserved 1056768K
  class space    used 733K, capacity 753K, committed 768K, reserved 1048576K
Event: 16.732 GC heap after
Heap after GC invocations=8 (full 0):
 PSYoungGen      total 16896K, used 226K [0x00000000eb180000, 0x00000000ed500000, 0x0000000100000000)
  eden space 16384K, 0% used [0x00000000eb180000,0x00000000eb180000,0x00000000ec180000)
  from space 512K, 44% used [0x00000000ed480000,0x00000000ed4b8810,0x00000000ed500000)
  to   space 3072K, 0% used [0x00000000ecf00000,0x00000000ecf00000,0x00000000ed200000)
 ParOldGen       total 44032K, used 1363K [0x00000000c1400000, 0x00000000c3f00000, 0x00000000eb180000)
  object space 44032K, 3% used [0x00000000c1400000,0x00000000c1554d58,0x00000000c3f00000)
 Metaspace       used 7215K, capacity 7366K, committed 7424K, reserved 1056768K
  class space    used 733K, capacity 753K, committed 768K, reserved 1048576K
}
Event: 18.815 GC heap before
{Heap before GC invocations=9 (full 0):
 PSYoungGen      total 16896K, used 16610K [0x00000000eb180000, 0x00000000ed500000, 0x0000000100000000)
  eden space 16384K, 100% used [0x00000000eb180000,0x00000000ec180000,0x00000000ec180000)
  from space 512K, 44% used [0x00000000ed480000,0x00000000ed4b8810,0x00000000ed500000)
  to   space 3072K, 0% used [0x00000000ecf00000,0x00000000ecf00000,0x00000000ed200000)
 ParOldGen       total 44032K, used 1363K [0x00000000c1400000, 0x00000000c3f00000, 0x00000000eb180000)
  object space 44032K, 3% used [0x00000000c1400000,0x00000000c1554d58,0x00000000c3f00000)
 Metaspace       used 7244K, capacity 7398K, committed 7552K, reserved 1056768K
  class space    used 736K, capacity 785K, committed 896K, reserved 1048576K
Event: 18.816 GC heap after
Heap after GC invocations=9 (full 0):
 PSYoungGen      total 19456K, used 160K [0x00000000eb180000, 0x00000000ed500000, 0x0000000100000000)
  eden space 16384K, 0% used [0x00000000eb180000,0x00000000eb180000,0x00000000ec180000)
  from space 3072K, 5% used [0x00000000ecf00000,0x00000000ecf28000,0x00000000ed200000)
  to   space 3072K, 0% used [0x00000000ed200000,0x00000000ed200000,0x00000000ed500000)
 ParOldGen       total 44032K, used 1387K [0x00000000c1400000, 0x00000000c3f00000, 0x00000000eb180000)
  object space 44032K, 3% used [0x00000000c1400000,0x00000000c155ad58,0x00000000c3f00000)
 Metaspace       used 7244K, capacity 7398K, committed 7552K, reserved 1056768K
  class space    used 736K, capacity 785K, committed 896K, reserved 1048576K
}

